<?xml version="1.0" encoding="UTF-8"?>
<!-- Generated by org.testng.reporters.JUnitXMLReporter -->
<testsuite ignored="2" hostname="Asha" failures="0" tests="1" name="home-office-visa-check" time="3.145" errors="0" timestamp="2023-12-12T13:11:38 GMT">
  <testcase classname="gov.uk.check.visa.testsuite.VisaConfirmationTest" name="anAustralianComingToUKForTourism" time="0.967"/>
  <testcase classname="gov.uk.check.visa.testsuite.VisaConfirmationTest" name="aChileanComingToTheUKForWorkAndPlansOnStayingForLongerThanSixMonths" time="0.0">
    <ignored/>
  </testcase> <!-- aChileanComingToTheUKForWorkAndPlansOnStayingForLongerThanSixMonths -->
  <testcase classname="gov.uk.check.visa.testsuite.VisaConfirmationTest" name="aColumbianNationalComingToTheUKToJoinAPartnerForALongStayTheyDoHaveAnArticle10Or20Card" time="0.0">
    <ignored/>
  </testcase> <!-- aColumbianNationalComingToTheUKToJoinAPartnerForALongStayTheyDoHaveAnArticle10Or20Card -->
</testsuite> <!-- home-office-visa-check -->
