<?xml version="1.0" encoding="UTF-8"?>
<testsuite name="HomeOffice"
           tests="3"
           failures="0"
           errors="0"
           skipped="0"
           time="3.508">
  <properties />
  
  
            <testcase name="aColumbianNationalComingToTheUKToJoinAPartnerForALongStayTheyDoHaveAnArticle10Or20Card" time="0.968" classname="gov.uk.check.visa.testsuite.VisaConfirmationTest" />
                <testcase name="anAustralianComingToUKForTourism" time="0.900" classname="gov.uk.check.visa.testsuite.VisaConfirmationTest" />
                <testcase name="aChileanComingToTheUKForWorkAndPlansOnStayingForLongerThanSixMonths" time="1.640" classname="gov.uk.check.visa.testsuite.VisaConfirmationTest" />
      
</testsuite>
