<?xml version="1.0" encoding="UTF-8"?>
<testng-results ignored="0" total="1" passed="1" failed="0" skipped="0">
  <reporter-output>
  </reporter-output>
  <suite started-at="2023-12-12T13:11:35 GMT" name="Default Suite" finished-at="2023-12-12T13:11:38 GMT" duration-ms="3145">
    <groups>
      <group name="regression">
        <method signature="VisaConfirmationTest.anAustralianComingToUKForTourism()[pri:0, instance:gov.uk.check.visa.testsuite.VisaConfirmationTest@50b472aa]" name="anAustralianComingToUKForTourism" class="gov.uk.check.visa.testsuite.VisaConfirmationTest"/>
      </group> <!-- regression -->
      <group name="smoke">
        <method signature="VisaConfirmationTest.anAustralianComingToUKForTourism()[pri:0, instance:gov.uk.check.visa.testsuite.VisaConfirmationTest@50b472aa]" name="anAustralianComingToUKForTourism" class="gov.uk.check.visa.testsuite.VisaConfirmationTest"/>
      </group> <!-- smoke -->
      <group name="sanity">
        <method signature="VisaConfirmationTest.anAustralianComingToUKForTourism()[pri:0, instance:gov.uk.check.visa.testsuite.VisaConfirmationTest@50b472aa]" name="anAustralianComingToUKForTourism" class="gov.uk.check.visa.testsuite.VisaConfirmationTest"/>
      </group> <!-- sanity -->
    </groups>
    <test started-at="2023-12-12T13:11:35 GMT" name="home-office-visa-check" finished-at="2023-12-12T13:11:38 GMT" duration-ms="3145">
      <class name="gov.uk.check.visa.testsuite.VisaConfirmationTest">
        <test-method is-config="true" signature="setUp()[pri:0, instance:gov.uk.check.visa.testsuite.VisaConfirmationTest@50b472aa]" started-at="2023-12-12T13:11:35 GMT" name="setUp" finished-at="2023-12-12T13:11:37 GMT" duration-ms="1739" status="PASS">
          <reporter-output>
          </reporter-output>
        </test-method> <!-- setUp -->
        <test-method is-config="true" signature="inIt()[pri:0, instance:gov.uk.check.visa.testsuite.VisaConfirmationTest@50b472aa]" started-at="2023-12-12T13:11:37 GMT" name="inIt" finished-at="2023-12-12T13:11:37 GMT" duration-ms="21" status="PASS">
          <reporter-output>
          </reporter-output>
        </test-method> <!-- inIt -->
        <test-method signature="anAustralianComingToUKForTourism()[pri:0, instance:gov.uk.check.visa.testsuite.VisaConfirmationTest@50b472aa]" started-at="2023-12-12T13:11:37 GMT" name="anAustralianComingToUKForTourism" finished-at="2023-12-12T13:11:38 GMT" duration-ms="967" status="PASS">
          <reporter-output>
          </reporter-output>
        </test-method> <!-- anAustralianComingToUKForTourism -->
        <test-method is-config="true" signature="tearDown()[pri:0, instance:gov.uk.check.visa.testsuite.VisaConfirmationTest@50b472aa]" started-at="2023-12-12T13:11:38 GMT" name="tearDown" finished-at="2023-12-12T13:11:38 GMT" duration-ms="152" status="PASS">
          <reporter-output>
          </reporter-output>
        </test-method> <!-- tearDown -->
      </class> <!-- gov.uk.check.visa.testsuite.VisaConfirmationTest -->
    </test> <!-- home-office-visa-check -->
  </suite> <!-- Default Suite -->
</testng-results>
